[debug] [2024-09-21T15:24:47.809Z] ----------------------------------------------------------------------
[debug] [2024-09-21T15:24:47.812Z] Command:       C:\Program Files\nodejs\node.exe C:\Users\lucko\AppData\Roaming\npm\node_modules\firebase-tools\lib\bin\firebase.js init
[debug] [2024-09-21T15:24:47.813Z] CLI Version:   13.17.0
[debug] [2024-09-21T15:24:47.813Z] Platform:      win32
[debug] [2024-09-21T15:24:47.813Z] Node Version:  v20.14.0
[debug] [2024-09-21T15:24:47.813Z] Time:          Sat Sep 21 2024 12:24:47 GMT-0300 (hora estándar de Argentina)
[debug] [2024-09-21T15:24:47.813Z] ----------------------------------------------------------------------
[debug] 
[debug] [2024-09-21T15:24:47.817Z] >>> [apiv2][query] GET https://firebase-public.firebaseio.com/cli.json [none]
[debug] [2024-09-21T15:24:47.872Z] > command requires scopes: ["email","openid","https://www.googleapis.com/auth/cloudplatformprojects.readonly","https://www.googleapis.com/auth/firebase","https://www.googleapis.com/auth/cloud-platform"]
[debug] [2024-09-21T15:24:47.872Z] > authorizing via signed-in user (marianobarrera16@gmail.com)
[info] 
     ######## #### ########  ######## ########     ###     ######  ########
     ##        ##  ##     ## ##       ##     ##  ##   ##  ##       ##
     ######    ##  ########  ######   ########  #########  ######  ######
     ##        ##  ##    ##  ##       ##     ## ##     ##       ## ##
     ##       #### ##     ## ######## ########  ##     ##  ######  ########

You're about to initialize a Firebase project in this directory:

  C:\Users\lucko\Desktop\deploy

[debug] [2024-09-21T15:24:48.302Z] <<< [apiv2][status] GET https://firebase-public.firebaseio.com/cli.json 200
[debug] [2024-09-21T15:24:48.302Z] <<< [apiv2][body] GET https://firebase-public.firebaseio.com/cli.json {"cloudBuildErrorAfter":1594252800000,"cloudBuildWarnAfter":1590019200000,"defaultNode10After":1594252800000,"minVersion":"3.0.5","node8DeploysDisabledAfter":1613390400000,"node8RuntimeDisabledAfter":1615809600000,"node8WarnAfter":1600128000000}
[info] 
=== Project Setup
[info] 
[info] First, let's associate this project directory with a Firebase project.
[info] You can create multiple project aliases by running firebase use --add, 
[info] but for now we'll just set up a default project.
[info] 
[debug] [2024-09-21T15:24:58.645Z] > refreshing access token with scopes: []
[debug] [2024-09-21T15:24:58.647Z] >>> [apiv2][query] POST https://www.googleapis.com/oauth2/v3/token [none]
[debug] [2024-09-21T15:24:58.647Z] >>> [apiv2][body] POST https://www.googleapis.com/oauth2/v3/token [omitted]
[debug] [2024-09-21T15:24:58.804Z] <<< [apiv2][status] POST https://www.googleapis.com/oauth2/v3/token 200
[debug] [2024-09-21T15:24:58.804Z] <<< [apiv2][body] POST https://www.googleapis.com/oauth2/v3/token [omitted]
[debug] [2024-09-21T15:24:58.811Z] >>> [apiv2][query] GET https://firebase.googleapis.com/v1beta1/projects pageSize=100
[debug] [2024-09-21T15:24:59.460Z] <<< [apiv2][status] GET https://firebase.googleapis.com/v1beta1/projects 200
[debug] [2024-09-21T15:24:59.461Z] <<< [apiv2][body] GET https://firebase.googleapis.com/v1beta1/projects [omitted]
[info] i  Using project deploy-ec911 (deploy) 
[info] 
=== Hosting Setup
[debug] [2024-09-21T15:25:02.528Z] >>> [apiv2][query] GET https://firebase.googleapis.com/v1beta1/projects/deploy-ec911 [none]
[debug] [2024-09-21T15:25:02.814Z] <<< [apiv2][status] GET https://firebase.googleapis.com/v1beta1/projects/deploy-ec911 200
[debug] [2024-09-21T15:25:02.814Z] <<< [apiv2][body] GET https://firebase.googleapis.com/v1beta1/projects/deploy-ec911 {"projectId":"deploy-ec911","projectNumber":"1039073777589","displayName":"deploy","name":"projects/deploy-ec911","resources":{"hostingSite":"deploy-ec911"},"state":"ACTIVE","etag":"1_1356346e-5b1c-47eb-ae80-42a92bc48ad8"}
[info] 
[info] Your public directory is the folder (relative to your project directory) that
[info] will contain Hosting assets to be uploaded with firebase deploy. If you
[info] have a build process for your assets, use your build's output directory.
[info] 
[debug] [2024-09-21T15:25:10.657Z] >>> [apiv2][query] GET https://www.gstatic.com/firebasejs/releases.json [none]
[debug] [2024-09-21T15:25:10.804Z] <<< [apiv2][status] GET https://www.gstatic.com/firebasejs/releases.json 200
[debug] [2024-09-21T15:25:10.804Z] <<< [apiv2][body] GET https://www.gstatic.com/firebasejs/releases.json {"current":{"version":"10.13.2","browserURL":"https://www.gstatic.com/firebasejs/10.13.2/firebase.js","packageURL":"https://www.gstatic.com/firebasejs/10.13.2/firebase.tgz"},"live":{"version":"10.13","browserURL":"https://www.gstatic.com/firebasejs/live/10.13/firebase.js","packageURL":"https://www.gstatic.com/firebasejs/live/10.13/firebase.tgz"},"components":{"analytics":"https://www.gstatic.com/firebasejs/10.13.2/firebase-analytics.js","app":"https://www.gstatic.com/firebasejs/10.13.2/firebase-app.js","app-check":"https://www.gstatic.com/firebasejs/10.13.2/firebase-app-check.js","auth":"https://www.gstatic.com/firebasejs/10.13.2/firebase-auth.js","auth/cordova":"https://www.gstatic.com/firebasejs/10.13.2/firebase-auth/cordova.js","auth/web-extension":"https://www.gstatic.com/firebasejs/10.13.2/firebase-auth/web-extension.js","functions":"https://www.gstatic.com/firebasejs/10.13.2/firebase-functions.js","firestore":"https://www.gstatic.com/firebasejs/10.13.2/firebase-firestore.js","firestore/lite":"https://www.gstatic.com/firebasejs/10.13.2/firebase-firestore/lite.js","installations":"https://www.gstatic.com/firebasejs/10.13.2/firebase-installations.js","storage":"https://www.gstatic.com/firebasejs/10.13.2/firebase-storage.js","performance":"https://www.gstatic.com/firebasejs/10.13.2/firebase-performance.js","remote-config":"https://www.gstatic.com/firebasejs/10.13.2/firebase-remote-config.js","messaging":"https://www.gstatic.com/firebasejs/10.13.2/firebase-messaging.js","messaging/sw":"https://www.gstatic.com/firebasejs/10.13.2/firebase-messaging/sw.js","database":"https://www.gstatic.com/firebasejs/10.13.2/firebase-database.js","vertexai-preview":"https://www.gstatic.com/firebasejs/10.13.2/firebase-vertexai-preview.js","firestore.memory":"https://www.gstatic.com/firebasejs/10.13.2/firebase-firestore.memory.js"}}
[info] i  Skipping write of ./index.html 
[info] 
[info] i  Didn't detect a .git folder. Assuming C:\Users\lucko\Desktop\deploy is the project root. 
[info] i  Authorizing with GitHub to upload your service account to a GitHub repository's secrets store. 
[info] 
[info] Visit this URL on this device to log in:
[info] https://github.com/login/oauth/authorize?client_id=89cf50f02ac6aaed3484&state=1005686549&redirect_uri=http%3A%2F%2Flocalhost%3A9005&scope=read%3Auser%20repo%20public_repo
[info] 
[info] Waiting for authentication...
[debug] [2024-09-21T15:25:14.237Z] >>> [apiv2][query] POST https://github.com/login/oauth/access_token [none]
[debug] [2024-09-21T15:25:14.238Z] >>> [apiv2][body] POST https://github.com/login/oauth/access_token [stream]
[debug] [2024-09-21T15:25:14.816Z] <<< [apiv2][status] POST https://github.com/login/oauth/access_token 200
[debug] [2024-09-21T15:25:14.816Z] <<< [apiv2][body] POST https://github.com/login/oauth/access_token {"access_token":"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","token_type":"bearer","scope":"read:user,repo"}
[debug] [2024-09-21T15:25:14.821Z] >>> [apiv2][query] GET https://api.github.com/user [none]
[debug] [2024-09-21T15:25:15.376Z] <<< [apiv2][status] GET https://api.github.com/user 200
[debug] [2024-09-21T15:25:15.376Z] <<< [apiv2][body] GET https://api.github.com/user {"login":"BarreraMariano","id":97059013,"node_id":"U_kgDOBckAxQ","avatar_url":"https://avatars.githubusercontent.com/u/97059013?v=4","gravatar_id":"","url":"https://api.github.com/users/BarreraMariano","html_url":"https://github.com/BarreraMariano","followers_url":"https://api.github.com/users/BarreraMariano/followers","following_url":"https://api.github.com/users/BarreraMariano/following{/other_user}","gists_url":"https://api.github.com/users/BarreraMariano/gists{/gist_id}","starred_url":"https://api.github.com/users/BarreraMariano/starred{/owner}{/repo}","subscriptions_url":"https://api.github.com/users/BarreraMariano/subscriptions","organizations_url":"https://api.github.com/users/BarreraMariano/orgs","repos_url":"https://api.github.com/users/BarreraMariano/repos","events_url":"https://api.github.com/users/BarreraMariano/events{/privacy}","received_events_url":"https://api.github.com/users/BarreraMariano/received_events","type":"User","site_admin":false,"name":"Mariano Barrera","company":null,"blog":"","location":null,"email":null,"hireable":null,"bio":null,"twitter_username":null,"notification_email":null,"public_repos":12,"public_gists":0,"followers":0,"following":0,"created_at":"2022-01-03T19:34:23Z","updated_at":"2024-09-09T13:46:37Z","private_gists":3,"total_private_repos":9,"owned_private_repos":9,"disk_usage":55923,"collaborators":0,"two_factor_authentication":false,"plan":{"name":"free","space":976562499,"collaborators":0,"private_repos":10000}}
[info] 
[info] +  Success! Logged into GitHub as BarreraMariano 
[info] 
